#-----------------------------------------------------------
# xsim v2025.2 (64-bit)
# SW Build 6299465 on Fri Nov 14 19:35:11 GMT 2025
# IP Build 6300035 on Fri Nov 14 10:48:45 MST 2025
# SharedData Build 6298862 on Thu Nov 13 04:50:51 MST 2025
# Start of session at: Thu Apr  2 21:30:11 2026
# Process ID         : 35268
# Current directory  : C:/Users/sreej/OneDrive/Desktop/Trex/CS224-Project/CS224-Project/tb
# Command line       : xsim.exe -mode tcl -source {xsim.dir/math_sim/xsim_script.tcl}
# Log file           : C:/Users/sreej/OneDrive/Desktop/Trex/CS224-Project/CS224-Project/tb/xsim.log
# Journal file       : C:/Users/sreej/OneDrive/Desktop/Trex/CS224-Project/CS224-Project/tb\xsim.jou
# Running On         : ASUSAURUS
# Platform           : Windows Server 2016 or Windows 10
# Operating System   : 26200
# Processor Detail   : AMD Ryzen 9 8945HS w/ Radeon 780M Graphics
# CPU Frequency      : 3992 MHz
# CPU Physical cores : 8
# CPU Logical cores  : 16
# Host memory        : 33568 MB
# Swap memory        : 2147 MB
# Total Virtual      : 35716 MB
# Available Virtual  : 13211 MB
#-----------------------------------------------------------
source xsim.dir/math_sim/xsim_script.tcl
# xsim {math_sim} -autoloadwcfg -runall
Time resolution is 1 ps
run -all
==================================================
   STARTING MATH COPROCESSOR UNIT TEST   
==================================================
-> Executing: MUL (5 * 6)
   Result: 30 (Expected: 30)

-> Executing: MAC (4 * 5)
-> Executing: MAC (2 * 3)

-> Executing: MVACC (Retrieving Accumulator)
   Result: 26 (Expected: 26)

-> Executing: MAC (10 * 10) with PIPELINE STALL
   Result: 26 (Expected: 26, because stall blocked the 100)
==================================================

-> Executing: MUL (-5 * 6)
   Result: -30 (Expected: -30)

-> Executing: MAC (-4 * 5) [Acc is currently 26]
-> Executing: MVACC (Retrieving Accumulator)
   Result: 6 (Expected: 6, because 26 - 20 = 6)

-> Executing: High Multiplication Bound Test
   MULH  Result: ffffffff (Expected: ffffffff, the upper 32 bits of -2)
   MULHU Result: 00000001 (Expected: 00000001, the upper 32 bits of 8,589,934,590)

-> Executing: Hardware Reset Test
   Result after reset: 0 (Expected: 0)
$finish called at time : 150 ns : File "C:/Users/sreej/OneDrive/Desktop/Trex/CS224-Project/CS224-Project/tb/tb_math_coproc.v" Line 192
exit
INFO: [Common 17-206] Exiting xsim at Thu Apr  2 21:30:17 2026...
